[AWT-EventQueue-0] ERROR HttpUtil - Http Error: URl : http://192.168.1.221:8080/digitalmenu/menu/querymenu
httpcode : 500
response message : <html><head><title>Apache Tomcat/7.0.68 - Error report</title><style><!--H1 {font-family:Tahoma,Arial,sans-serif;color:white;background-color:#525D76;font-size:22px;} H2 {font-family:Tahoma,Arial,sans-serif;color:white;background-color:#525D76;font-size:16px;} H3 {font-family:Tahoma,Arial,sans-serif;color:white;background-color:#525D76;font-size:14px;} BODY {font-family:Tahoma,Arial,sans-serif;color:black;background-color:white;} B {font-family:Tahoma,Arial,sans-serif;color:white;background-color:#525D76;} P {font-family:Tahoma,Arial,sans-serif;background:white;color:black;font-size:12px;}A {color : black;}A.name {color : black;}HR {color : #525D76;}--></style> </head><body><h1>HTTP Status 500 - Request processing failed; nested exception is org.hibernate.PropertyAccessException: Null value was assigned to a property of primitive type setter of com.shuishou.digitalmenu.menu.models.Dish.autoMergeWhileChoose</h1><HR size="1" noshade="noshade"><p><b>type</b> Exception report</p><p><b>message</b> <u>Request processing failed; nested exception is org.hibernate.PropertyAccessException: Null value was assigned to a property of primitive type setter of com.shuishou.digitalmenu.menu.models.Dish.autoMergeWhileChoose</u></p><p><b>description</b> <u>The server encountered an internal error that prevented it from fulfilling this request.</u></p><p><b>exception</b> <pre>org.springframework.web.util.NestedServletException: Request processing failed; nested exception is org.hibernate.PropertyAccessException: Null value was assigned to a property of primitive type setter of com.shuishou.digitalmenu.menu.models.Dish.autoMergeWhileChoose
	org.springframework.web.servlet.FrameworkServlet.processRequest(FrameworkServlet.java:973)
	org.springframework.web.servlet.FrameworkServlet.doGet(FrameworkServlet.java:852)
	javax.servlet.http.HttpServlet.service(HttpServlet.java:624)
	org.springframework.web.servlet.FrameworkServlet.service(FrameworkServlet.java:837)
	javax.servlet.http.HttpServlet.service(HttpServlet.java:731)
	org.apache.tomcat.websocket.server.WsFilter.doFilter(WsFilter.java:52)
	org.springframework.web.filter.CharacterEncodingFilter.doFilterInternal(CharacterEncodingFilter.java:88)
	org.springframework.web.filter.OncePerRequestFilter.doFilter(OncePerRequestFilter.java:108)
</pre></p><p><b>root cause</b> <pre>org.hibernate.PropertyAccessException: Null value was assigned to a property of primitive type setter of com.shuishou.digitalmenu.menu.models.Dish.autoMergeWhileChoose
	org.hibernate.property.DirectPropertyAccessor$DirectSetter.set(DirectPropertyAccessor.java:126)
	org.hibernate.tuple.entity.AbstractEntityTuplizer.setPropertyValues(AbstractEntityTuplizer.java:713)
	org.hibernate.tuple.entity.PojoEntityTuplizer.setPropertyValues(PojoEntityTuplizer.java:362)
	org.hibernate.persister.entity.AbstractEntityPersister.setPropertyValues(AbstractEntityPersister.java:4718)
	org.hibernate.engine.internal.TwoPhaseLoad.doInitializeEntity(TwoPhaseLoad.java:188)
	org.hibernate.engine.internal.TwoPhaseLoad.initializeEntity(TwoPhaseLoad.java:144)
	org.hibernate.loader.plan.exec.process.internal.AbstractRowReader.performTwoPhaseLoad(AbstractRowReader.java:244)
	org.hibernate.loader.plan.exec.process.internal.AbstractRowReader.finishUp(AbstractRowReader.java:215)
	org.hibernate.loader.plan.exec.process.internal.ResultSetProcessorImpl.extractResults(ResultSetProcessorImpl.java:140)
	org.hibernate.loader.plan.exec.internal.AbstractLoadPlanBasedLoader.executeLoad(AbstractLoadPlanBasedLoader.java:138)
	org.hibernate.loader.plan.exec.internal.AbstractLoadPlanBasedLoader.executeLoad(AbstractLoadPlanBasedLoader.java:102)
	org.hibernate.loader.collection.plan.AbstractLoadPlanBasedCollectionInitializer.initialize(AbstractLoadPlanBasedCollectionInitializer.java:100)
	org.hibernate.persister.collection.AbstractCollectionPersister.initialize(AbstractCollectionPersister.java:693)
	org.hibernate.event.internal.DefaultInitializeCollectionEventListener.onInitializeCollection(DefaultInitializeCollectionEventListener.java:92)
	org.hibernate.internal.SessionImpl.initializeCollection(SessionImpl.java:1897)
	org.hibernate.collection.internal.AbstractPersistentCollection.forceInitialization(AbstractPersistentCollection.java:668)
	org.hibernate.engine.internal.StatefulPersistenceContext.initializeNonLazyCollections(StatefulPersistenceContext.java:883)
	org.hibernate.loader.Loader.doQueryAndInitializeNonLazyCollections(Loader.java:359)
	org.hibernate.loader.Loader.doList(Loader.java:2553)
	org.hibernate.loader.Loader.doList(Loader.java:2539)
	org.hibernate.loader.Loader.listIgnoreQueryCache(Loader.java:2369)
	org.hibernate.loader.Loader.list(Loader.java:2364)
	org.hibernate.loader.hql.QueryLoader.list(QueryLoader.java:496)
	org.hibernate.hql.internal.ast.QueryTranslatorImpl.list(QueryTranslatorImpl.java:387)
	org.hibernate.engine.query.spi.HQLQueryPlan.performList(HQLQueryPlan.java:231)
	org.hibernate.internal.SessionImpl.list(SessionImpl.java:1264)
	org.hibernate.internal.QueryImpl.list(QueryImpl.java:103)
	com.shuishou.digitalmenu.menu.models.Category1DataAccessor.getAllCategory1(Category1DataAccessor.java:41)
	com.shuishou.digitalmenu.menu.services.MenuService.queryAllMenu(MenuService.java:398)
	sun.reflect.GeneratedMethodAccessor83.invoke(Unknown Source)
	sun.reflect.DelegatingMethodAccessorImpl.invoke(DelegatingMethodAccessorImpl.java:43)
	java.lang.reflect.Method.invoke(Method.java:606)
	org.springframework.aop.support.AopUtils.invokeJoinpointUsingReflection(AopUtils.java:317)
	org.springframework.aop.framework.ReflectiveMethodInvocation.invokeJoinpoint(ReflectiveMethodInvocation.java:190)
	org.springframework.aop.framework.ReflectiveMethodInvocation.proceed(ReflectiveMethodInvocation.java:157)
	org.springframework.transaction.interceptor.TransactionInterceptor$1.proceedWithInvocation(TransactionInterceptor.java:98)
	org.springframework.transaction.interceptor.TransactionAspectSupport.invokeWithinTransaction(TransactionAspectSupport.java:262)
	org.springframework.transaction.interceptor.TransactionInterceptor.invoke(TransactionInterceptor.java:95)
	org.springframework.aop.framework.ReflectiveMethodInvocation.proceed(ReflectiveMethodInvocation.java:179)
	org.springframework.aop.framework.JdkDynamicAopProxy.invoke(JdkDynamicAopProxy.java:207)
	com.sun.proxy.$Proxy51.queryAllMenu(Unknown Source)
	com.shuishou.digitalmenu.menu.controllers.MenuController.queryMenu(MenuController.java:354)
	sun.reflect.GeneratedMethodAccessor82.invoke(Unknown Source)
	sun.reflect.DelegatingMethodAccessorImpl.invoke(DelegatingMethodAccessorImpl.java:43)
	java.lang.reflect.Method.invoke(Method.java:606)
	org.springframework.web.method.support.InvocableHandlerMethod.invoke(InvocableHandlerMethod.java:215)
	org.springframework.web.method.support.InvocableHandlerMethod.invokeForRequest(InvocableHandlerMethod.java:132)
	org.springframework.web.servlet.mvc.method.annotation.ServletInvocableHandlerMethod.invokeAndHandle(ServletInvocableHandlerMethod.java:104)
	org.springframework.web.servlet.mvc.method.annotation.RequestMappingHandlerAdapter.invokeHandleMethod(RequestMappingHandlerAdapter.java:749)
	org.springframework.web.servlet.mvc.method.annotation.RequestMappingHandlerAdapter.handleInternal(RequestMappingHandlerAdapter.java:690)
	org.springframework.web.servlet.mvc.method.AbstractHandlerMethodAdapter.handle(AbstractHandlerMethodAdapter.java:83)
	org.springframework.web.servlet.DispatcherServlet.doDispatch(DispatcherServlet.java:945)
	org.springframework.web.servlet.DispatcherServlet.doService(DispatcherServlet.java:876)
	org.springframework.web.servlet.FrameworkServlet.processRequest(FrameworkServlet.java:961)
	org.springframework.web.servlet.FrameworkServlet.doGet(FrameworkServlet.java:852)
	javax.servlet.http.HttpServlet.service(HttpServlet.java:624)
	org.springframework.web.servlet.FrameworkServlet.service(FrameworkServlet.java:837)
	javax.servlet.http.HttpServlet.service(HttpServlet.java:731)
	org.apache.tomcat.websocket.server.WsFilter.doFilter(WsFilter.java:52)
	org.springframework.web.filter.CharacterEncodingFilter.doFilterInternal(CharacterEncodingFilter.java:88)
	org.springframework.web.filter.OncePerRequestFilter.doFilter(OncePerRequestFilter.java:108)
</pre></p><p><b>root cause</b> <pre>java.lang.IllegalArgumentException: Can not set boolean field com.shuishou.digitalmenu.menu.models.Dish.autoMergeWhileChoose to null value
	sun.reflect.UnsafeFieldAccessorImpl.throwSetIllegalArgumentException(UnsafeFieldAccessorImpl.java:164)
	sun.reflect.UnsafeFieldAccessorImpl.throwSetIllegalArgumentException(UnsafeFieldAccessorImpl.java:168)
	sun.reflect.UnsafeBooleanFieldAccessorImpl.set(UnsafeBooleanFieldAccessorImpl.java:80)
	java.lang.reflect.Field.set(Field.java:741)
	org.hibernate.property.DirectPropertyAccessor$DirectSetter.set(DirectPropertyAccessor.java:122)
	org.hibernate.tuple.entity.AbstractEntityTuplizer.setPropertyValues(AbstractEntityTuplizer.java:713)
	org.hibernate.tuple.entity.PojoEntityTuplizer.setPropertyValues(PojoEntityTuplizer.java:362)
	org.hibernate.persister.entity.AbstractEntityPersister.setPropertyValues(AbstractEntityPersister.java:4718)
	org.hibernate.engine.internal.TwoPhaseLoad.doInitializeEntity(TwoPhaseLoad.java:188)
	org.hibernate.engine.internal.TwoPhaseLoad.initializeEntity(TwoPhaseLoad.java:144)
	org.hibernate.loader.plan.exec.process.internal.AbstractRowReader.performTwoPhaseLoad(AbstractRowReader.java:244)
	org.hibernate.loader.plan.exec.process.internal.AbstractRowReader.finishUp(AbstractRowReader.java:215)
	org.hibernate.loader.plan.exec.process.internal.ResultSetProcessorImpl.extractResults(ResultSetProcessorImpl.java:140)
	org.hibernate.loader.plan.exec.internal.AbstractLoadPlanBasedLoader.executeLoad(AbstractLoadPlanBasedLoader.java:138)
	org.hibernate.loader.plan.exec.internal.AbstractLoadPlanBasedLoader.executeLoad(AbstractLoadPlanBasedLoader.java:102)
	org.hibernate.loader.collection.plan.AbstractLoadPlanBasedCollectionInitializer.initialize(AbstractLoadPlanBasedCollectionInitializer.java:100)
	org.hibernate.persister.collection.AbstractCollectionPersister.initialize(AbstractCollectionPersister.java:693)
	org.hibernate.event.internal.DefaultInitializeCollectionEventListener.onInitializeCollection(DefaultInitializeCollectionEventListener.java:92)
	org.hibernate.internal.SessionImpl.initializeCollection(SessionImpl.java:1897)
	org.hibernate.collection.internal.AbstractPersistentCollection.forceInitialization(AbstractPersistentCollection.java:668)
	org.hibernate.engine.internal.StatefulPersistenceContext.initializeNonLazyCollections(StatefulPersistenceContext.java:883)
	org.hibernate.loader.Loader.doQueryAndInitializeNonLazyCollections(Loader.java:359)
	org.hibernate.loader.Loader.doList(Loader.java:2553)
	org.hibernate.loader.Loader.doList(Loader.java:2539)
	org.hibernate.loader.Loader.listIgnoreQueryCache(Loader.java:2369)
	org.hibernate.loader.Loader.list(Loader.java:2364)
	org.hibernate.loader.hql.QueryLoader.list(QueryLoader.java:496)
	org.hibernate.hql.internal.ast.QueryTranslatorImpl.list(QueryTranslatorImpl.java:387)
	org.hibernate.engine.query.spi.HQLQueryPlan.performList(HQLQueryPlan.java:231)
	org.hibernate.internal.SessionImpl.list(SessionImpl.java:1264)
	org.hibernate.internal.QueryImpl.list(QueryImpl.java:103)
	com.shuishou.digitalmenu.menu.models.Category1DataAccessor.getAllCategory1(Category1DataAccessor.java:41)
	com.shuishou.digitalmenu.menu.services.MenuService.queryAllMenu(MenuService.java:398)
	sun.reflect.GeneratedMethodAccessor83.invoke(Unknown Source)
	sun.reflect.DelegatingMethodAccessorImpl.invoke(DelegatingMethodAccessorImpl.java:43)
	java.lang.reflect.Method.invoke(Method.java:606)
	org.springframework.aop.support.AopUtils.invokeJoinpointUsingReflection(AopUtils.java:317)
	org.springframework.aop.framework.ReflectiveMethodInvocation.invokeJoinpoint(ReflectiveMethodInvocation.java:190)
	org.springframework.aop.framework.ReflectiveMethodInvocation.proceed(ReflectiveMethodInvocation.java:157)
	org.springframework.transaction.interceptor.TransactionInterceptor$1.proceedWithInvocation(TransactionInterceptor.java:98)
	org.springframework.transaction.interceptor.TransactionAspectSupport.invokeWithinTransaction(TransactionAspectSupport.java:262)
	org.springframework.transaction.interceptor.TransactionInterceptor.invoke(TransactionInterceptor.java:95)
	org.springframework.aop.framework.ReflectiveMethodInvocation.proceed(ReflectiveMethodInvocation.java:179)
	org.springframework.aop.framework.JdkDynamicAopProxy.invoke(JdkDynamicAopProxy.java:207)
	com.sun.proxy.$Proxy51.queryAllMenu(Unknown Source)
	com.shuishou.digitalmenu.menu.controllers.MenuController.queryMenu(MenuController.java:354)
	sun.reflect.GeneratedMethodAccessor82.invoke(Unknown Source)
	sun.reflect.DelegatingMethodAccessorImpl.invoke(DelegatingMethodAccessorImpl.java:43)
	java.lang.reflect.Method.invoke(Method.java:606)
	org.springframework.web.method.support.InvocableHandlerMethod.invoke(InvocableHandlerMethod.java:215)
	org.springframework.web.method.support.InvocableHandlerMethod.invokeForRequest(InvocableHandlerMethod.java:132)
	org.springframework.web.servlet.mvc.method.annotation.ServletInvocableHandlerMethod.invokeAndHandle(ServletInvocableHandlerMethod.java:104)
	org.springframework.web.servlet.mvc.method.annotation.RequestMappingHandlerAdapter.invokeHandleMethod(RequestMappingHandlerAdapter.java:749)
	org.springframework.web.servlet.mvc.method.annotation.RequestMappingHandlerAdapter.handleInternal(RequestMappingHandlerAdapter.java:690)
	org.springframework.web.servlet.mvc.method.AbstractHandlerMethodAdapter.handle(AbstractHandlerMethodAdapter.java:83)
	org.springframework.web.servlet.DispatcherServlet.doDispatch(DispatcherServlet.java:945)
	org.springframework.web.servlet.DispatcherServlet.doService(DispatcherServlet.java:876)
	org.springframework.web.servlet.FrameworkServlet.processRequest(FrameworkServlet.java:961)
	org.springframework.web.servlet.FrameworkServlet.doGet(FrameworkServlet.java:852)
	javax.servlet.http.HttpServlet.service(HttpServlet.java:624)
	org.springframework.web.servlet.FrameworkServlet.service(FrameworkServlet.java:837)
	javax.servlet.http.HttpServlet.service(HttpServlet.java:731)
	org.apache.tomcat.websocket.server.WsFilter.doFilter(WsFilter.java:52)
	org.springframework.web.filter.CharacterEncodingFilter.doFilterInternal(CharacterEncodingFilter.java:88)
	org.springframework.web.filter.OncePerRequestFilter.doFilter(OncePerRequestFilter.java:108)
</pre></p><p><b>note</b> <u>The full stack trace of the root cause is available in the Apache Tomcat/7.0.68 logs.</u></p><HR size="1" noshade="noshade"><h3>Apache Tomcat/7.0.68</h3></body></html>

[AWT-EventQueue-0] ERROR HttpUtil - get null from server for loading menu. URL = http://192.168.1.221:8080/digitalmenu/menu/querymenu
